2019-10-24 15:57:58.248  INFO 31045 --- [main] c.h.t.TasksExecutionsApplication         : No active profile set, falling back to default profiles: default
2019-10-24 15:57:58.789  INFO 31045 --- [main] .s.d.r.c.RepositoryConfigurationDelegate : Bootstrapping Spring Data repositories in DEFAULT mode.
2019-10-24 15:57:58.922  INFO 31045 --- [main] .s.d.r.c.RepositoryConfigurationDelegate : Finished Spring Data repository scanning in 127ms. Found 1 repository interfaces.
2019-10-24 15:57:59.296  INFO 31045 --- [main] o.s.cloud.context.scope.GenericScope     : BeanFactory id=1bf31fbc-5015-3088-8ad3-1a00100ee736
2019-10-24 15:57:59.318  INFO 31045 --- [main] o.s.c.a.ConfigurationClassEnhancer       : @Bean method BinderFactoryConfiguration.implicitFunctionBinder is non-static and returns an object assignable to Spring's BeanFactoryPostProcessor interface. This will result in a failure to process annotations such as @Autowired, @Resource and @PostConstruct within the method's declaring @Configuration class. Add the 'static' modifier to this method to avoid these container lifecycle issues; see @Bean javadoc for complete details.
2019-10-24 15:57:59.353  INFO 31045 --- [main] faultConfiguringBeanFactoryPostProcessor : No bean named 'errorChannel' has been explicitly defined. Therefore, a default PublishSubscribeChannel will be created.
2019-10-24 15:57:59.356  INFO 31045 --- [main] faultConfiguringBeanFactoryPostProcessor : No bean named 'taskScheduler' has been explicitly defined. Therefore, a default ThreadPoolTaskScheduler will be created.
2019-10-24 15:57:59.363  INFO 31045 --- [main] faultConfiguringBeanFactoryPostProcessor : No bean named 'integrationHeaderChannelRegistry' has been explicitly defined. Therefore, a default DefaultHeaderChannelRegistry will be created.
2019-10-24 15:57:59.412  INFO 31045 --- [main] trationDelegate$BeanPostProcessorChecker : Bean 'org.springframework.kafka.annotation.KafkaBootstrapConfiguration' of type [org.springframework.kafka.annotation.KafkaBootstrapConfiguration$$EnhancerBySpringCGLIB$$92a3464d] is not eligible for getting processed by all BeanPostProcessors (for example: not eligible for auto-proxying)
2019-10-24 15:57:59.441  INFO 31045 --- [main] trationDelegate$BeanPostProcessorChecker : Bean 'org.springframework.transaction.annotation.ProxyTransactionManagementConfiguration' of type [org.springframework.transaction.annotation.ProxyTransactionManagementConfiguration$$EnhancerBySpringCGLIB$$bef134ca] is not eligible for getting processed by all BeanPostProcessors (for example: not eligible for auto-proxying)
2019-10-24 15:57:59.462  INFO 31045 --- [main] trationDelegate$BeanPostProcessorChecker : Bean 'integrationDisposableAutoCreatedBeans' of type [org.springframework.integration.config.annotation.Disposables] is not eligible for getting processed by all BeanPostProcessors (for example: not eligible for auto-proxying)
2019-10-24 15:57:59.487  INFO 31045 --- [main] trationDelegate$BeanPostProcessorChecker : Bean 'org.springframework.integration.config.IntegrationManagementConfiguration' of type [org.springframework.integration.config.IntegrationManagementConfiguration$$EnhancerBySpringCGLIB$$29e2eff9] is not eligible for getting processed by all BeanPostProcessors (for example: not eligible for auto-proxying)
2019-10-24 15:57:59.494  INFO 31045 --- [main] trationDelegate$BeanPostProcessorChecker : Bean 'org.springframework.boot.autoconfigure.integration.IntegrationAutoConfiguration$IntegrationJmxConfiguration' of type [org.springframework.boot.autoconfigure.integration.IntegrationAutoConfiguration$IntegrationJmxConfiguration$$EnhancerBySpringCGLIB$$574fb19] is not eligible for getting processed by all BeanPostProcessors (for example: not eligible for auto-proxying)
2019-10-24 15:57:59.503  INFO 31045 --- [main] trationDelegate$BeanPostProcessorChecker : Bean 'org.springframework.boot.autoconfigure.jmx.JmxAutoConfiguration' of type [org.springframework.boot.autoconfigure.jmx.JmxAutoConfiguration$$EnhancerBySpringCGLIB$$3e5ca3e6] is not eligible for getting processed by all BeanPostProcessors (for example: not eligible for auto-proxying)
2019-10-24 15:57:59.508  INFO 31045 --- [main] trationDelegate$BeanPostProcessorChecker : Bean 'mbeanServer' of type [com.sun.jmx.mbeanserver.JmxMBeanServer] is not eligible for getting processed by all BeanPostProcessors (for example: not eligible for auto-proxying)
2019-10-24 15:57:59.517  INFO 31045 --- [main] trationDelegate$BeanPostProcessorChecker : Bean 'org.springframework.cloud.autoconfigure.ConfigurationPropertiesRebinderAutoConfiguration' of type [org.springframework.cloud.autoconfigure.ConfigurationPropertiesRebinderAutoConfiguration$$EnhancerBySpringCGLIB$$db0b37c7] is not eligible for getting processed by all BeanPostProcessors (for example: not eligible for auto-proxying)
2019-10-24 15:57:59.755  INFO 31045 --- [main] o.s.b.w.embedded.tomcat.TomcatWebServer  : Tomcat initialized with port(s): 8082 (http)
2019-10-24 15:57:59.779  INFO 31045 --- [main] o.apache.catalina.core.StandardService   : Starting service [Tomcat]
2019-10-24 15:57:59.779  INFO 31045 --- [main] org.apache.catalina.core.StandardEngine  : Starting Servlet engine: [Apache Tomcat/9.0.24]
2019-10-24 15:57:59.885  INFO 31045 --- [main] o.a.c.c.C.[Tomcat].[localhost].[/]       : Initializing Spring embedded WebApplicationContext
2019-10-24 15:57:59.886  INFO 31045 --- [main] o.s.web.context.ContextLoader            : Root WebApplicationContext: initialization completed in 1613 ms
2019-10-24 15:58:00.073  INFO 31045 --- [main] com.zaxxer.hikari.HikariDataSource       : HikariPool-1 - Starting...
2019-10-24 15:58:00.144  INFO 31045 --- [main] com.zaxxer.hikari.HikariDataSource       : HikariPool-1 - Start completed.
2019-10-24 15:58:00.591  INFO 31045 --- [main] liquibase.executor.jvm.JdbcExecutor      : SELECT COUNT(*) FROM public.databasechangeloglock
2019-10-24 15:58:00.593  INFO 31045 --- [main] liquibase.executor.jvm.JdbcExecutor      : SELECT COUNT(*) FROM public.databasechangeloglock
2019-10-24 15:58:00.594  INFO 31045 --- [main] liquibase.executor.jvm.JdbcExecutor      : SELECT LOCKED FROM public.databasechangeloglock WHERE ID=1
2019-10-24 15:58:00.608  INFO 31045 --- [main] l.lockservice.StandardLockService        : Successfully acquired change log lock
2019-10-24 15:58:00.609  INFO 31045 --- [main] liquibase.command.core.DropAllCommand    : Dropping Database Objects in schema: postgres.public
2019-10-24 15:58:00.625  INFO 31045 --- [main] liquibase.executor.jvm.JdbcExecutor      : SELECT MD5SUM FROM public.databasechangelog WHERE MD5SUM IS NOT NULL LIMIT 1
2019-10-24 15:58:00.633  INFO 31045 --- [main] liquibase.executor.jvm.JdbcExecutor      : SELECT c.relname AS SEQUENCE_NAME FROM pg_class c join pg_namespace on c.relnamespace = pg_namespace.oid WHERE c.relkind='S' AND nspname = 'public' AND c.oid not in (select d.objid FROM pg_depend d where d.refobjsubid > 0)
2019-10-24 15:58:01.211  INFO 31045 --- [main] liquibase.executor.jvm.JdbcExecutor      : DROP TABLE "public"."users" CASCADE
2019-10-24 15:58:01.216  INFO 31045 --- [main] liquibase.executor.jvm.JdbcExecutor      : SELECT COUNT(*) FROM "public"."databasechangelog"
2019-10-24 15:58:01.216  INFO 31045 --- [main] liquibase.executor.jvm.JdbcExecutor      : DROP TABLE "public"."databasechangelog"
2019-10-24 15:58:01.218  INFO 31045 --- [main] liquibase.executor.jvm.JdbcExecutor      : SELECT COUNT(*) FROM "public"."databasechangeloglock"
2019-10-24 15:58:01.218  INFO 31045 --- [main] liquibase.executor.jvm.JdbcExecutor      : DROP TABLE "public"."databasechangeloglock"
2019-10-24 15:58:01.219  INFO 31045 --- [main] l.database.core.PostgresDatabase         : Successfully deleted all supported object types in schema postgres.public.
2019-10-24 15:58:01.221  INFO 31045 --- [main] liquibase.executor.jvm.JdbcExecutor      : SELECT COUNT(*) FROM public.databasechangeloglock
2019-10-24 15:58:01.224  INFO 31045 --- [main] l.lockservice.StandardLockService        : Successfully released change log lock
2019-10-24 15:58:01.225  INFO 31045 --- [main] liquibase.executor.jvm.JdbcExecutor      : SELECT COUNT(*) FROM public.databasechangeloglock
2019-10-24 15:58:01.226  INFO 31045 --- [main] liquibase.executor.jvm.JdbcExecutor      : SELECT COUNT(*) FROM public.databasechangeloglock
2019-10-24 15:58:01.227  INFO 31045 --- [main] liquibase.executor.jvm.JdbcExecutor      : CREATE TABLE public.databasechangeloglock (ID INTEGER NOT NULL, LOCKED BOOLEAN NOT NULL, LOCKGRANTED TIMESTAMP WITHOUT TIME ZONE, LOCKEDBY VARCHAR(255), CONSTRAINT DATABASECHANGELOGLOCK_PKEY PRIMARY KEY (ID))
2019-10-24 15:58:01.252  INFO 31045 --- [main] liquibase.executor.jvm.JdbcExecutor      : SELECT COUNT(*) FROM public.databasechangeloglock
2019-10-24 15:58:01.253  INFO 31045 --- [main] liquibase.executor.jvm.JdbcExecutor      : DELETE FROM public.databasechangeloglock
2019-10-24 15:58:01.253  INFO 31045 --- [main] liquibase.executor.jvm.JdbcExecutor      : INSERT INTO public.databasechangeloglock (ID, LOCKED) VALUES (1, FALSE)
2019-10-24 15:58:01.255  INFO 31045 --- [main] liquibase.executor.jvm.JdbcExecutor      : SELECT LOCKED FROM public.databasechangeloglock WHERE ID=1
2019-10-24 15:58:01.259  INFO 31045 --- [main] l.lockservice.StandardLockService        : Successfully acquired change log lock
2019-10-24 15:58:01.376  INFO 31045 --- [main] l.c.StandardChangeLogHistoryService      : Creating database history table with name: public.databasechangelog
2019-10-24 15:58:01.377  INFO 31045 --- [main] liquibase.executor.jvm.JdbcExecutor      : CREATE TABLE public.databasechangelog (ID VARCHAR(255) NOT NULL, AUTHOR VARCHAR(255) NOT NULL, FILENAME VARCHAR(255) NOT NULL, DATEEXECUTED TIMESTAMP WITHOUT TIME ZONE NOT NULL, ORDEREXECUTED INTEGER NOT NULL, EXECTYPE VARCHAR(10) NOT NULL, MD5SUM VARCHAR(35), DESCRIPTION VARCHAR(255), COMMENTS VARCHAR(255), TAG VARCHAR(255), LIQUIBASE VARCHAR(20), CONTEXTS VARCHAR(255), LABELS VARCHAR(255), DEPLOYMENT_ID VARCHAR(10))
2019-10-24 15:58:01.389  INFO 31045 --- [main] liquibase.executor.jvm.JdbcExecutor      : SELECT COUNT(*) FROM public.databasechangelog
2019-10-24 15:58:01.390  INFO 31045 --- [main] l.c.StandardChangeLogHistoryService      : Reading from public.databasechangelog
2019-10-24 15:58:01.390  INFO 31045 --- [main] liquibase.executor.jvm.JdbcExecutor      : SELECT * FROM public.databasechangelog ORDER BY DATEEXECUTED ASC, ORDEREXECUTED ASC
2019-10-24 15:58:01.391  INFO 31045 --- [main] liquibase.executor.jvm.JdbcExecutor      : SELECT COUNT(*) FROM public.databasechangeloglock
2019-10-24 15:58:01.400  INFO 31045 --- [main] liquibase.executor.jvm.JdbcExecutor      : CREATE TABLE public.house_tasks (
    id uuid PRIMARY KEY,
    rule_id uuid,
    user_id uuid,
    claimed_timestamp timestamp with time zone NOT NULL,
    checked_timestamp timestamp with time zone,
    status character varying(255) NOT NULL
)
2019-10-24 15:58:01.413  INFO 31045 --- [main] liquibase.changelog.ChangeSet            : SQL in file changelog-initial.sql executed
2019-10-24 15:58:01.420  INFO 31045 --- [main] liquibase.changelog.ChangeSet            : ChangeSet classpath:liquibase/changelog/changelog-initial.xml::changelog-initial::mihai.crac ran successfully in 22ms
2019-10-24 15:58:01.422  INFO 31045 --- [main] liquibase.executor.jvm.JdbcExecutor      : SELECT MAX(ORDEREXECUTED) FROM public.databasechangelog
2019-10-24 15:58:01.424  INFO 31045 --- [main] liquibase.executor.jvm.JdbcExecutor      : INSERT INTO public.databasechangelog (ID, AUTHOR, FILENAME, DATEEXECUTED, ORDEREXECUTED, MD5SUM, DESCRIPTION, COMMENTS, EXECTYPE, CONTEXTS, LABELS, LIQUIBASE, DEPLOYMENT_ID) VALUES ('changelog-initial', 'mihai.crac', 'classpath:liquibase/changelog/changelog-initial.xml', NOW(), 1, '8:3339a0b8495cd0af7ca6eb565642ec42', 'sqlFile', '', 'EXECUTED', NULL, NULL, '3.6.3', '1921881392')
2019-10-24 15:58:01.430  INFO 31045 --- [main] l.lockservice.StandardLockService        : Successfully released change log lock
2019-10-24 15:58:01.581  INFO 31045 --- [main] o.hibernate.jpa.internal.util.LogHelper  : HHH000204: Processing PersistenceUnitInfo [
	name: default
	...]
2019-10-24 15:58:01.624  INFO 31045 --- [main] org.hibernate.Version                    : HHH000412: Hibernate Core {5.3.11.Final}
2019-10-24 15:58:01.625  INFO 31045 --- [main] org.hibernate.cfg.Environment            : HHH000206: hibernate.properties not found
2019-10-24 15:58:01.729  INFO 31045 --- [main] o.hibernate.annotations.common.Version   : HCANN000001: Hibernate Commons Annotations {5.0.4.Final}
2019-10-24 15:58:01.826  INFO 31045 --- [main] org.hibernate.dialect.Dialect            : HHH000400: Using dialect: org.hibernate.dialect.PostgreSQL95Dialect
2019-10-24 15:58:01.839  INFO 31045 --- [main] o.h.e.j.e.i.LobCreatorBuilderImpl        : HHH000422: Disabling contextual LOB creation as connection was null
2019-10-24 15:58:01.843  INFO 31045 --- [main] org.hibernate.type.BasicTypeRegistry     : HHH000270: Type registration [java.util.UUID] overrides previous : org.hibernate.type.UUIDBinaryType@420068a
2019-10-24 15:58:02.321  INFO 31045 --- [main] j.LocalContainerEntityManagerFactoryBean : Initialized JPA EntityManagerFactory for persistence unit 'default'
2019-10-24 15:58:02.828  WARN 31045 --- [main] c.n.c.sources.URLConfigurationSource     : No URLs will be polled as dynamic configuration sources.
2019-10-24 15:58:02.828  INFO 31045 --- [main] c.n.c.sources.URLConfigurationSource     : To enable URLs as dynamic configuration sources, define System property archaius.configurationSource.additionalUrls or make config.properties available on classpath.
2019-10-24 15:58:02.833  WARN 31045 --- [main] c.n.c.sources.URLConfigurationSource     : No URLs will be polled as dynamic configuration sources.
2019-10-24 15:58:02.833  INFO 31045 --- [main] c.n.c.sources.URLConfigurationSource     : To enable URLs as dynamic configuration sources, define System property archaius.configurationSource.additionalUrls or make config.properties available on classpath.
2019-10-24 15:58:03.069  INFO 31045 --- [main] o.s.s.concurrent.ThreadPoolTaskExecutor  : Initializing ExecutorService 'applicationTaskExecutor'
2019-10-24 15:58:03.116  WARN 31045 --- [main] aWebConfiguration$JpaWebMvcConfiguration : spring.jpa.open-in-view is enabled by default. Therefore, database queries may be performed during view rendering. Explicitly configure spring.jpa.open-in-view to disable this warning
2019-10-24 15:58:03.646  INFO 31045 --- [main] o.s.s.c.ThreadPoolTaskScheduler          : Initializing ExecutorService 'taskScheduler'
2019-10-24 15:58:03.826  INFO 31045 --- [main] o.s.i.monitor.IntegrationMBeanExporter   : Registering MessageChannel errorChannel
2019-10-24 15:58:03.905  INFO 31045 --- [main] o.s.i.monitor.IntegrationMBeanExporter   : Registering MessageChannel nullChannel
2019-10-24 15:58:03.919  INFO 31045 --- [main] o.s.i.monitor.IntegrationMBeanExporter   : Registering MessageChannel offset-changed
2019-10-24 15:58:03.950  INFO 31045 --- [main] o.s.i.monitor.IntegrationMBeanExporter   : Registering MessageHandler errorLogger
2019-10-24 15:58:03.989  INFO 31045 --- [main] o.s.c.s.m.DirectWithAttributesChannel    : Channel 'application-1.offset-changed' has 1 subscriber(s).
2019-10-24 15:58:03.993  INFO 31045 --- [main] o.s.i.endpoint.EventDrivenConsumer       : Adding {logging-channel-adapter:_org.springframework.integration.errorLogger} as a subscriber to the 'errorChannel' channel
2019-10-24 15:58:03.993  INFO 31045 --- [main] o.s.i.channel.PublishSubscribeChannel    : Channel 'application-1.errorChannel' has 1 subscriber(s).
2019-10-24 15:58:03.993  INFO 31045 --- [main] o.s.i.endpoint.EventDrivenConsumer       : started _org.springframework.integration.errorLogger
2019-10-24 15:58:04.007  INFO 31045 --- [main] o.s.c.n.eureka.InstanceInfoFactory       : Setting initial instance status as: STARTING
2019-10-24 15:58:04.054  INFO 31045 --- [main] com.netflix.discovery.DiscoveryClient    : Initializing Eureka in region us-east-1
2019-10-24 15:58:04.259  INFO 31045 --- [main] c.n.d.provider.DiscoveryJerseyProvider   : Using JSON encoding codec LegacyJacksonJson
2019-10-24 15:58:04.259  INFO 31045 --- [main] c.n.d.provider.DiscoveryJerseyProvider   : Using JSON decoding codec LegacyJacksonJson
2019-10-24 15:58:04.400  INFO 31045 --- [main] c.n.d.provider.DiscoveryJerseyProvider   : Using XML encoding codec XStreamXml
2019-10-24 15:58:04.400  INFO 31045 --- [main] c.n.d.provider.DiscoveryJerseyProvider   : Using XML decoding codec XStreamXml
2019-10-24 15:58:04.559  INFO 31045 --- [main] c.n.d.s.r.aws.ConfigClusterResolver      : Resolving eureka endpoints via configuration
2019-10-24 15:58:04.578  INFO 31045 --- [main] com.netflix.discovery.DiscoveryClient    : Disable delta property : false
2019-10-24 15:58:04.578  INFO 31045 --- [main] com.netflix.discovery.DiscoveryClient    : Single vip registry refresh property : null
2019-10-24 15:58:04.578  INFO 31045 --- [main] com.netflix.discovery.DiscoveryClient    : Force full registry fetch : false
2019-10-24 15:58:04.578  INFO 31045 --- [main] com.netflix.discovery.DiscoveryClient    : Application is null : false
2019-10-24 15:58:04.578  INFO 31045 --- [main] com.netflix.discovery.DiscoveryClient    : Registered Applications size is zero : true
2019-10-24 15:58:04.579  INFO 31045 --- [main] com.netflix.discovery.DiscoveryClient    : Application version is -1: true
2019-10-24 15:58:04.579  INFO 31045 --- [main] com.netflix.discovery.DiscoveryClient    : Getting all instance registry info from the eureka server
2019-10-24 15:58:04.755  INFO 31045 --- [main] com.netflix.discovery.DiscoveryClient    : The response status is 200
2019-10-24 15:58:04.761  INFO 31045 --- [main] com.netflix.discovery.DiscoveryClient    : Starting heartbeat executor: renew interval is: 30
2019-10-24 15:58:04.764  INFO 31045 --- [main] c.n.discovery.InstanceInfoReplicator     : InstanceInfoReplicator onDemand update allowed rate per min is 4
2019-10-24 15:58:04.772  INFO 31045 --- [main] com.netflix.discovery.DiscoveryClient    : Discovery Client initialized at timestamp 1571921884768 with initial instances count: 2
2019-10-24 15:58:04.777  INFO 31045 --- [main] o.s.c.n.e.s.EurekaServiceRegistry        : Registering application TASKS-EXECUTIONS with eureka with status UP
2019-10-24 15:58:04.778  INFO 31045 --- [main] com.netflix.discovery.DiscoveryClient    : Saw local status change event StatusChangeEvent [timestamp=1571921884778, current=UP, previous=STARTING]
2019-10-24 15:58:04.790  INFO 31045 --- [DiscoveryClient-InstanceInfoReplicator-0] com.netflix.discovery.DiscoveryClient    : DiscoveryClient_TASKS-EXECUTIONS/192.168.83.11:tasks-executions:8082: registering service...
2019-10-24 15:58:04.871  INFO 31045 --- [DiscoveryClient-InstanceInfoReplicator-0] com.netflix.discovery.DiscoveryClient    : DiscoveryClient_TASKS-EXECUTIONS/192.168.83.11:tasks-executions:8082 - registration status: 204
2019-10-24 15:58:05.138  INFO 31045 --- [main] o.a.k.clients.admin.AdminClientConfig    : AdminClientConfig values: 
	bootstrap.servers = [localhost:9092]
	client.id = 
	connections.max.idle.ms = 300000
	metadata.max.age.ms = 300000
	metric.reporters = []
	metrics.num.samples = 2
	metrics.recording.level = INFO
	metrics.sample.window.ms = 30000
	receive.buffer.bytes = 65536
	reconnect.backoff.max.ms = 1000
	reconnect.backoff.ms = 50
	request.timeout.ms = 120000
	retries = 5
	retry.backoff.ms = 100
	sasl.client.callback.handler.class = null
	sasl.jaas.config = null
	sasl.kerberos.kinit.cmd = /usr/bin/kinit
	sasl.kerberos.min.time.before.relogin = 60000
	sasl.kerberos.service.name = null
	sasl.kerberos.ticket.renew.jitter = 0.05
	sasl.kerberos.ticket.renew.window.factor = 0.8
	sasl.login.callback.handler.class = null
	sasl.login.class = null
	sasl.login.refresh.buffer.seconds = 300
	sasl.login.refresh.min.period.seconds = 60
	sasl.login.refresh.window.factor = 0.8
	sasl.login.refresh.window.jitter = 0.05
	sasl.mechanism = GSSAPI
	security.protocol = PLAINTEXT
	send.buffer.bytes = 131072
	ssl.cipher.suites = null
	ssl.enabled.protocols = [TLSv1.2, TLSv1.1, TLSv1]
	ssl.endpoint.identification.algorithm = https
	ssl.key.password = null
	ssl.keymanager.algorithm = SunX509
	ssl.keystore.location = null
	ssl.keystore.password = null
	ssl.keystore.type = JKS
	ssl.protocol = TLS
	ssl.provider = null
	ssl.secure.random.implementation = null
	ssl.trustmanager.algorithm = PKIX
	ssl.truststore.location = null
	ssl.truststore.password = null
	ssl.truststore.type = JKS

2019-10-24 15:58:05.182  INFO 31045 --- [main] o.a.kafka.common.utils.AppInfoParser     : Kafka version : 2.0.1
2019-10-24 15:58:05.182  INFO 31045 --- [main] o.a.kafka.common.utils.AppInfoParser     : Kafka commitId : fa14705e51bd2ce5
2019-10-24 15:58:05.768  INFO 31045 --- [main] o.a.k.clients.consumer.ConsumerConfig    : ConsumerConfig values: 
	auto.commit.interval.ms = 100
	auto.offset.reset = latest
	bootstrap.servers = [localhost:9092]
	check.crcs = true
	client.id = 
	connections.max.idle.ms = 540000
	default.api.timeout.ms = 60000
	enable.auto.commit = false
	exclude.internal.topics = true
	fetch.max.bytes = 52428800
	fetch.max.wait.ms = 500
	fetch.min.bytes = 1
	group.id = anonymous.4d3501b7-b6d1-4fe5-82f3-e2d3590a5056
	heartbeat.interval.ms = 3000
	interceptor.classes = []
	internal.leave.group.on.close = true
	isolation.level = read_uncommitted
	key.deserializer = class org.apache.kafka.common.serialization.ByteArrayDeserializer
	max.partition.fetch.bytes = 1048576
	max.poll.interval.ms = 300000
	max.poll.records = 500
	metadata.max.age.ms = 300000
	metric.reporters = []
	metrics.num.samples = 2
	metrics.recording.level = INFO
	metrics.sample.window.ms = 30000
	partition.assignment.strategy = [class org.apache.kafka.clients.consumer.RangeAssignor]
	receive.buffer.bytes = 65536
	reconnect.backoff.max.ms = 1000
	reconnect.backoff.ms = 50
	request.timeout.ms = 30000
	retry.backoff.ms = 100
	sasl.client.callback.handler.class = null
	sasl.jaas.config = null
	sasl.kerberos.kinit.cmd = /usr/bin/kinit
	sasl.kerberos.min.time.before.relogin = 60000
	sasl.kerberos.service.name = null
	sasl.kerberos.ticket.renew.jitter = 0.05
	sasl.kerberos.ticket.renew.window.factor = 0.8
	sasl.login.callback.handler.class = null
	sasl.login.class = null
	sasl.login.refresh.buffer.seconds = 300
	sasl.login.refresh.min.period.seconds = 60
	sasl.login.refresh.window.factor = 0.8
	sasl.login.refresh.window.jitter = 0.05
	sasl.mechanism = GSSAPI
	security.protocol = PLAINTEXT
	send.buffer.bytes = 131072
	session.timeout.ms = 10000
	ssl.cipher.suites = null
	ssl.enabled.protocols = [TLSv1.2, TLSv1.1, TLSv1]
	ssl.endpoint.identification.algorithm = https
	ssl.key.password = null
	ssl.keymanager.algorithm = SunX509
	ssl.keystore.location = null
	ssl.keystore.password = null
	ssl.keystore.type = JKS
	ssl.protocol = TLS
	ssl.provider = null
	ssl.secure.random.implementation = null
	ssl.trustmanager.algorithm = PKIX
	ssl.truststore.location = null
	ssl.truststore.password = null
	ssl.truststore.type = JKS
	value.deserializer = class org.apache.kafka.common.serialization.ByteArrayDeserializer

2019-10-24 15:58:05.798  INFO 31045 --- [main] o.a.kafka.common.utils.AppInfoParser     : Kafka version : 2.0.1
2019-10-24 15:58:05.798  INFO 31045 --- [main] o.a.kafka.common.utils.AppInfoParser     : Kafka commitId : fa14705e51bd2ce5
2019-10-24 15:58:05.893  INFO 31045 --- [main] org.apache.kafka.clients.Metadata        : Cluster ID: 3vqBT9d8SYGubDwc03G1kw
2019-10-24 15:58:06.018  INFO 31045 --- [main] o.s.c.stream.binder.BinderErrorChannel   : Channel 'unknown.channel.name' has 1 subscriber(s).
2019-10-24 15:58:06.018  INFO 31045 --- [main] o.s.c.stream.binder.BinderErrorChannel   : Channel 'unknown.channel.name' has 0 subscriber(s).
2019-10-24 15:58:06.019  INFO 31045 --- [main] o.s.c.stream.binder.BinderErrorChannel   : Channel 'unknown.channel.name' has 1 subscriber(s).
2019-10-24 15:58:06.019  INFO 31045 --- [main] o.s.c.stream.binder.BinderErrorChannel   : Channel 'unknown.channel.name' has 2 subscriber(s).
2019-10-24 15:58:06.029  INFO 31045 --- [main] o.a.k.clients.consumer.ConsumerConfig    : ConsumerConfig values: 
	auto.commit.interval.ms = 100
	auto.offset.reset = latest
	bootstrap.servers = [localhost:9092]
	check.crcs = true
	client.id = 
	connections.max.idle.ms = 540000
	default.api.timeout.ms = 60000
	enable.auto.commit = false
	exclude.internal.topics = true
	fetch.max.bytes = 52428800
	fetch.max.wait.ms = 500
	fetch.min.bytes = 1
	group.id = anonymous.4d3501b7-b6d1-4fe5-82f3-e2d3590a5056
	heartbeat.interval.ms = 3000
	interceptor.classes = []
	internal.leave.group.on.close = true
	isolation.level = read_uncommitted
	key.deserializer = class org.apache.kafka.common.serialization.ByteArrayDeserializer
	max.partition.fetch.bytes = 1048576
	max.poll.interval.ms = 300000
	max.poll.records = 500
	metadata.max.age.ms = 300000
	metric.reporters = []
	metrics.num.samples = 2
	metrics.recording.level = INFO
	metrics.sample.window.ms = 30000
	partition.assignment.strategy = [class org.apache.kafka.clients.consumer.RangeAssignor]
	receive.buffer.bytes = 65536
	reconnect.backoff.max.ms = 1000
	reconnect.backoff.ms = 50
	request.timeout.ms = 30000
	retry.backoff.ms = 100
	sasl.client.callback.handler.class = null
	sasl.jaas.config = null
	sasl.kerberos.kinit.cmd = /usr/bin/kinit
	sasl.kerberos.min.time.before.relogin = 60000
	sasl.kerberos.service.name = null
	sasl.kerberos.ticket.renew.jitter = 0.05
	sasl.kerberos.ticket.renew.window.factor = 0.8
	sasl.login.callback.handler.class = null
	sasl.login.class = null
	sasl.login.refresh.buffer.seconds = 300
	sasl.login.refresh.min.period.seconds = 60
	sasl.login.refresh.window.factor = 0.8
	sasl.login.refresh.window.jitter = 0.05
	sasl.mechanism = GSSAPI
	security.protocol = PLAINTEXT
	send.buffer.bytes = 131072
	session.timeout.ms = 10000
	ssl.cipher.suites = null
	ssl.enabled.protocols = [TLSv1.2, TLSv1.1, TLSv1]
	ssl.endpoint.identification.algorithm = https
	ssl.key.password = null
	ssl.keymanager.algorithm = SunX509
	ssl.keystore.location = null
	ssl.keystore.password = null
	ssl.keystore.type = JKS
	ssl.protocol = TLS
	ssl.provider = null
	ssl.secure.random.implementation = null
	ssl.trustmanager.algorithm = PKIX
	ssl.truststore.location = null
	ssl.truststore.password = null
	ssl.truststore.type = JKS
	value.deserializer = class org.apache.kafka.common.serialization.ByteArrayDeserializer

2019-10-24 15:58:06.054  INFO 31045 --- [main] o.a.kafka.common.utils.AppInfoParser     : Kafka version : 2.0.1
2019-10-24 15:58:06.054  INFO 31045 --- [main] o.a.kafka.common.utils.AppInfoParser     : Kafka commitId : fa14705e51bd2ce5
2019-10-24 15:58:06.073  INFO 31045 --- [main] org.apache.kafka.clients.Metadata        : Cluster ID: 3vqBT9d8SYGubDwc03G1kw
2019-10-24 15:58:06.091  INFO 31045 --- [main] o.a.k.clients.consumer.ConsumerConfig    : ConsumerConfig values: 
	auto.commit.interval.ms = 100
	auto.offset.reset = latest
	bootstrap.servers = [localhost:9092]
	check.crcs = true
	client.id = 
	connections.max.idle.ms = 540000
	default.api.timeout.ms = 60000
	enable.auto.commit = false
	exclude.internal.topics = true
	fetch.max.bytes = 52428800
	fetch.max.wait.ms = 500
	fetch.min.bytes = 1
	group.id = anonymous.4d3501b7-b6d1-4fe5-82f3-e2d3590a5056
	heartbeat.interval.ms = 3000
	interceptor.classes = []
	internal.leave.group.on.close = true
	isolation.level = read_uncommitted
	key.deserializer = class org.apache.kafka.common.serialization.ByteArrayDeserializer
	max.partition.fetch.bytes = 1048576
	max.poll.interval.ms = 300000
	max.poll.records = 500
	metadata.max.age.ms = 300000
	metric.reporters = []
	metrics.num.samples = 2
	metrics.recording.level = INFO
	metrics.sample.window.ms = 30000
	partition.assignment.strategy = [class org.apache.kafka.clients.consumer.RangeAssignor]
	receive.buffer.bytes = 65536
	reconnect.backoff.max.ms = 1000
	reconnect.backoff.ms = 50
	request.timeout.ms = 30000
	retry.backoff.ms = 100
	sasl.client.callback.handler.class = null
	sasl.jaas.config = null
	sasl.kerberos.kinit.cmd = /usr/bin/kinit
	sasl.kerberos.min.time.before.relogin = 60000
	sasl.kerberos.service.name = null
	sasl.kerberos.ticket.renew.jitter = 0.05
	sasl.kerberos.ticket.renew.window.factor = 0.8
	sasl.login.callback.handler.class = null
	sasl.login.class = null
	sasl.login.refresh.buffer.seconds = 300
	sasl.login.refresh.min.period.seconds = 60
	sasl.login.refresh.window.factor = 0.8
	sasl.login.refresh.window.jitter = 0.05
	sasl.mechanism = GSSAPI
	security.protocol = PLAINTEXT
	send.buffer.bytes = 131072
	session.timeout.ms = 10000
	ssl.cipher.suites = null
	ssl.enabled.protocols = [TLSv1.2, TLSv1.1, TLSv1]
	ssl.endpoint.identification.algorithm = https
	ssl.key.password = null
	ssl.keymanager.algorithm = SunX509
	ssl.keystore.location = null
	ssl.keystore.password = null
	ssl.keystore.type = JKS
	ssl.protocol = TLS
	ssl.provider = null
	ssl.secure.random.implementation = null
	ssl.trustmanager.algorithm = PKIX
	ssl.truststore.location = null
	ssl.truststore.password = null
	ssl.truststore.type = JKS
	value.deserializer = class org.apache.kafka.common.serialization.ByteArrayDeserializer

2019-10-24 15:58:06.096  INFO 31045 --- [main] o.a.kafka.common.utils.AppInfoParser     : Kafka version : 2.0.1
2019-10-24 15:58:06.096  INFO 31045 --- [main] o.a.kafka.common.utils.AppInfoParser     : Kafka commitId : fa14705e51bd2ce5
2019-10-24 15:58:06.099  INFO 31045 --- [main] o.s.s.c.ThreadPoolTaskScheduler          : Initializing ExecutorService
2019-10-24 15:58:06.111  INFO 31045 --- [main] s.i.k.i.KafkaMessageDrivenChannelAdapter : started org.springframework.integration.kafka.inbound.KafkaMessageDrivenChannelAdapter@bdc5584
2019-10-24 15:58:06.124  INFO 31045 --- [KafkaConsumerDestination{consumerDestinationName='offset-changed', partitions=1, dlqName='null'}.container-0-C-1] org.apache.kafka.clients.Metadata        : Cluster ID: 3vqBT9d8SYGubDwc03G1kw
2019-10-24 15:58:06.153  INFO 31045 --- [KafkaConsumerDestination{consumerDestinationName='offset-changed', partitions=1, dlqName='null'}.container-0-C-1] o.a.k.c.c.internals.AbstractCoordinator  : [Consumer clientId=consumer-3, groupId=anonymous.4d3501b7-b6d1-4fe5-82f3-e2d3590a5056] Discovered group coordinator 127.0.0.1:9092 (id: 2147482646 rack: null)
2019-10-24 15:58:06.160  INFO 31045 --- [KafkaConsumerDestination{consumerDestinationName='offset-changed', partitions=1, dlqName='null'}.container-0-C-1] o.a.k.c.c.internals.ConsumerCoordinator  : [Consumer clientId=consumer-3, groupId=anonymous.4d3501b7-b6d1-4fe5-82f3-e2d3590a5056] Revoking previously assigned partitions []
2019-10-24 15:58:06.160  INFO 31045 --- [KafkaConsumerDestination{consumerDestinationName='offset-changed', partitions=1, dlqName='null'}.container-0-C-1] o.s.c.s.b.k.KafkaMessageChannelBinder$1  : partitions revoked: []
2019-10-24 15:58:06.160  INFO 31045 --- [KafkaConsumerDestination{consumerDestinationName='offset-changed', partitions=1, dlqName='null'}.container-0-C-1] o.a.k.c.c.internals.AbstractCoordinator  : [Consumer clientId=consumer-3, groupId=anonymous.4d3501b7-b6d1-4fe5-82f3-e2d3590a5056] (Re-)joining group
2019-10-24 15:58:06.236  INFO 31045 --- [main] o.s.b.w.embedded.tomcat.TomcatWebServer  : Tomcat started on port(s): 8082 (http) with context path ''
2019-10-24 15:58:06.241  INFO 31045 --- [main] .s.c.n.e.s.EurekaAutoServiceRegistration : Updating port to 8082
2019-10-24 15:58:06.245  INFO 31045 --- [main] c.h.t.TasksExecutionsApplication         : Started TasksExecutionsApplication in 10.032 seconds (JVM running for 10.529)
2019-10-24 15:58:06.501  INFO 31045 --- [KafkaConsumerDestination{consumerDestinationName='offset-changed', partitions=1, dlqName='null'}.container-0-C-1] o.a.k.c.c.internals.AbstractCoordinator  : [Consumer clientId=consumer-3, groupId=anonymous.4d3501b7-b6d1-4fe5-82f3-e2d3590a5056] Successfully joined group with generation 1
2019-10-24 15:58:06.502  INFO 31045 --- [KafkaConsumerDestination{consumerDestinationName='offset-changed', partitions=1, dlqName='null'}.container-0-C-1] o.a.k.c.c.internals.ConsumerCoordinator  : [Consumer clientId=consumer-3, groupId=anonymous.4d3501b7-b6d1-4fe5-82f3-e2d3590a5056] Setting newly assigned partitions [offset-changed-0]
2019-10-24 15:58:06.563  INFO 31045 --- [KafkaConsumerDestination{consumerDestinationName='offset-changed', partitions=1, dlqName='null'}.container-0-C-1] o.a.k.c.consumer.internals.Fetcher       : [Consumer clientId=consumer-3, groupId=anonymous.4d3501b7-b6d1-4fe5-82f3-e2d3590a5056] Resetting offset for partition offset-changed-0 to offset 0.
2019-10-24 15:58:06.621  INFO 31045 --- [KafkaConsumerDestination{consumerDestinationName='offset-changed', partitions=1, dlqName='null'}.container-0-C-1] o.s.c.s.b.k.KafkaMessageChannelBinder$1  : partitions assigned: [offset-changed-0]
2019-10-24 15:58:23.255  INFO 31045 --- [Thread-7] o.s.c.n.e.s.EurekaServiceRegistry        : Unregistering application TASKS-EXECUTIONS with eureka with status DOWN
2019-10-24 15:58:23.255  WARN 31045 --- [Thread-7] com.netflix.discovery.DiscoveryClient    : Saw local status change event StatusChangeEvent [timestamp=1571921903255, current=DOWN, previous=UP]
2019-10-24 15:58:23.255  INFO 31045 --- [DiscoveryClient-InstanceInfoReplicator-0] com.netflix.discovery.DiscoveryClient    : DiscoveryClient_TASKS-EXECUTIONS/192.168.83.11:tasks-executions:8082: registering service...
2019-10-24 15:58:23.261  INFO 31045 --- [DiscoveryClient-InstanceInfoReplicator-0] com.netflix.discovery.DiscoveryClient    : DiscoveryClient_TASKS-EXECUTIONS/192.168.83.11:tasks-executions:8082 - registration status: 204
2019-10-24 15:58:23.261  INFO 31045 --- [KafkaConsumerDestination{consumerDestinationName='offset-changed', partitions=1, dlqName='null'}.container-0-C-1] o.s.s.c.ThreadPoolTaskScheduler          : Shutting down ExecutorService
2019-10-24 15:58:23.274  INFO 31045 --- [KafkaConsumerDestination{consumerDestinationName='offset-changed', partitions=1, dlqName='null'}.container-0-C-1] essageListenerContainer$ListenerConsumer : Consumer stopped
2019-10-24 15:58:23.275  INFO 31045 --- [Thread-7] s.i.k.i.KafkaMessageDrivenChannelAdapter : stopped org.springframework.integration.kafka.inbound.KafkaMessageDrivenChannelAdapter@bdc5584
2019-10-24 15:58:23.276  INFO 31045 --- [Thread-7] o.s.i.endpoint.EventDrivenConsumer       : Removing {logging-channel-adapter:_org.springframework.integration.errorLogger} as a subscriber to the 'errorChannel' channel
2019-10-24 15:58:23.276  INFO 31045 --- [Thread-7] o.s.i.channel.PublishSubscribeChannel    : Channel 'application-1.errorChannel' has 0 subscriber(s).
2019-10-24 15:58:23.276  INFO 31045 --- [Thread-7] o.s.i.endpoint.EventDrivenConsumer       : stopped _org.springframework.integration.errorLogger
2019-10-24 15:58:23.277  INFO 31045 --- [Thread-7] o.s.s.c.ThreadPoolTaskScheduler          : Shutting down ExecutorService 'taskScheduler'
2019-10-24 15:58:23.279  INFO 31045 --- [Thread-7] o.s.s.concurrent.ThreadPoolTaskExecutor  : Shutting down ExecutorService 'applicationTaskExecutor'
2019-10-24 15:58:23.281  INFO 31045 --- [Thread-7] j.LocalContainerEntityManagerFactoryBean : Closing JPA EntityManagerFactory for persistence unit 'default'
2019-10-24 15:58:23.282  INFO 31045 --- [Thread-7] o.s.i.monitor.IntegrationMBeanExporter   : Summary on shutdown: errorChannel
2019-10-24 15:58:23.282  INFO 31045 --- [Thread-7] o.s.i.monitor.IntegrationMBeanExporter   : Summary on shutdown: nullChannel
2019-10-24 15:58:23.282  INFO 31045 --- [Thread-7] o.s.i.monitor.IntegrationMBeanExporter   : Summary on shutdown: offset-changed
2019-10-24 15:58:23.282  INFO 31045 --- [Thread-7] o.s.i.monitor.IntegrationMBeanExporter   : Summary on shutdown: _org.springframework.integration.errorLogger.handler
2019-10-24 15:58:23.283  INFO 31045 --- [Thread-7] com.netflix.discovery.DiscoveryClient    : Shutting down DiscoveryClient ...
